[0.019s] Invoking command in '/home/alip/clover_ws/src/build/my_package': CMAKE_PREFIX_PATH=${CMAKE_PREFIX_PATH}:/opt/ros/foxy /usr/bin/cmake /home/alip/clover_ws/src/my_package -DAMENT_CMAKE_SYMLINK_INSTALL=1 -DCMAKE_INSTALL_PREFIX=/home/alip/clover_ws/src/install/my_package
[0.030s] -- Found ament_cmake: 0.9.11 (/opt/ros/foxy/share/ament_cmake/cmake)
[0.048s] -- Using PYTHON_EXECUTABLE: /usr/bin/python3
[0.190s] -- Override CMake install command with custom implementation using symlinks instead of copying resources
[0.197s] -- Found ament_lint_auto: 0.9.7 (/opt/ros/foxy/share/ament_lint_auto/cmake)
[0.260s] -- Added test 'copyright' to check source files copyright and LICENSE
[0.264s] -- Added test 'flake8' to check Python code syntax and style conventions
[0.265s] -- Added test 'lint_cmake' to check CMake code style
[0.266s] -- Added test 'pep257' to check Python code against some of the style conventions in PEP 257
[0.268s] -- Added test 'xmllint' to check XML markup files
[0.269s] -- Configuring done
[0.271s] -- Generating done
[0.271s] -- Build files have been written to: /home/alip/clover_ws/src/build/my_package
[0.274s] Invoked command in '/home/alip/clover_ws/src/build/my_package' returned '0': CMAKE_PREFIX_PATH=${CMAKE_PREFIX_PATH}:/opt/ros/foxy /usr/bin/cmake /home/alip/clover_ws/src/my_package -DAMENT_CMAKE_SYMLINK_INSTALL=1 -DCMAKE_INSTALL_PREFIX=/home/alip/clover_ws/src/install/my_package
[0.276s] Invoking command in '/home/alip/clover_ws/src/build/my_package': CMAKE_PREFIX_PATH=${CMAKE_PREFIX_PATH}:/opt/ros/foxy /usr/bin/cmake --build /home/alip/clover_ws/src/build/my_package -- -j8 -l8
[0.304s] Invoked command in '/home/alip/clover_ws/src/build/my_package' returned '0': CMAKE_PREFIX_PATH=${CMAKE_PREFIX_PATH}:/opt/ros/foxy /usr/bin/cmake --build /home/alip/clover_ws/src/build/my_package -- -j8 -l8
[0.327s] Invoking command in '/home/alip/clover_ws/src/build/my_package': CMAKE_PREFIX_PATH=${CMAKE_PREFIX_PATH}:/opt/ros/foxy /usr/bin/cmake --install /home/alip/clover_ws/src/build/my_package
[0.333s] -- Install configuration: ""
[0.333s] -- Execute custom install script
[0.334s] -- Up-to-date symlink: /home/alip/clover_ws/src/install/my_package/share/my_package/launch/listener.launch.py
[0.334s] -- Up-to-date symlink: /home/alip/clover_ws/src/install/my_package/share/my_package/launch/talker.launch.py
[0.334s] -- Up-to-date symlink: /home/alip/clover_ws/src/install/my_package/share/ament_index/resource_index/package_run_dependencies/my_package
[0.334s] -- Up-to-date symlink: /home/alip/clover_ws/src/install/my_package/share/ament_index/resource_index/parent_prefix_path/my_package
[0.335s] -- Up-to-date symlink: /home/alip/clover_ws/src/install/my_package/share/my_package/environment/ament_prefix_path.sh
[0.335s] -- Up-to-date symlink: /home/alip/clover_ws/src/install/my_package/share/my_package/environment/ament_prefix_path.dsv
[0.335s] -- Up-to-date symlink: /home/alip/clover_ws/src/install/my_package/share/my_package/environment/path.sh
[0.335s] -- Up-to-date symlink: /home/alip/clover_ws/src/install/my_package/share/my_package/environment/path.dsv
[0.335s] -- Up-to-date symlink: /home/alip/clover_ws/src/install/my_package/share/my_package/local_setup.bash
[0.336s] -- Up-to-date symlink: /home/alip/clover_ws/src/install/my_package/share/my_package/local_setup.sh
[0.336s] -- Up-to-date symlink: /home/alip/clover_ws/src/install/my_package/share/my_package/local_setup.zsh
[0.336s] -- Up-to-date symlink: /home/alip/clover_ws/src/install/my_package/share/my_package/local_setup.dsv
[0.336s] -- Symlinking: /home/alip/clover_ws/src/install/my_package/share/my_package/package.dsv
[0.343s] -- Up-to-date symlink: /home/alip/clover_ws/src/install/my_package/share/ament_index/resource_index/packages/my_package
[0.344s] -- Up-to-date symlink: /home/alip/clover_ws/src/install/my_package/share/my_package/cmake/my_packageConfig.cmake
[0.344s] -- Up-to-date symlink: /home/alip/clover_ws/src/install/my_package/share/my_package/cmake/my_packageConfig-version.cmake
[0.344s] -- Up-to-date symlink: /home/alip/clover_ws/src/install/my_package/share/my_package/package.xml
[0.346s] Invoked command in '/home/alip/clover_ws/src/build/my_package' returned '0': CMAKE_PREFIX_PATH=${CMAKE_PREFIX_PATH}:/opt/ros/foxy /usr/bin/cmake --install /home/alip/clover_ws/src/build/my_package
