[0.114s] DEBUG:colcon:Command line arguments: ['/usr/bin/colcon', 'build', '--symlink-install']
[0.114s] DEBUG:colcon:Parsed command line arguments: Namespace(allow_overriding=[], ament_cmake_args=None, base_paths=['.'], build_base='build', catkin_cmake_args=None, catkin_skip_building_tests=False, cmake_args=None, cmake_clean_cache=False, cmake_clean_first=False, cmake_force_configure=False, cmake_target=None, cmake_target_skip_unavailable=False, continue_on_error=False, event_handlers=None, executor='parallel', ignore_user_meta=False, install_base='install', log_base=None, log_level=None, main=<bound method BuildVerb.main of <colcon_core.verb.build.BuildVerb object at 0x7fd02e0fac10>>, merge_install=False, metas=['./colcon.meta'], packages_above=None, packages_above_and_dependencies=None, packages_above_depth=None, packages_end=None, packages_ignore=None, packages_ignore_regex=None, packages_select=None, packages_select_build_failed=False, packages_select_by_dep=None, packages_select_regex=None, packages_select_test_failures=False, packages_skip=None, packages_skip_build_finished=False, packages_skip_by_dep=None, packages_skip_regex=None, packages_skip_test_passed=False, packages_skip_up_to=None, packages_start=None, packages_up_to=None, packages_up_to_regex=None, parallel_workers=8, paths=None, symlink_install=True, test_result_base=None, verb_extension=<colcon_core.verb.build.BuildVerb object at 0x7fd02e0fac10>, verb_name='build', verb_parser=<colcon_defaults.argument_parser.defaults.DefaultArgumentsDecorator object at 0x7fd02e1001c0>)
[0.131s] Level 1:colcon.colcon_core.package_discovery:discover_packages(colcon_meta) check parameters
[0.131s] Level 1:colcon.colcon_core.package_discovery:discover_packages(recursive) check parameters
[0.131s] Level 1:colcon.colcon_core.package_discovery:discover_packages(ignore) check parameters
[0.131s] Level 1:colcon.colcon_core.package_discovery:discover_packages(path) check parameters
[0.131s] Level 1:colcon.colcon_core.package_discovery:discover_packages(colcon_meta) discover
[0.132s] Level 1:colcon.colcon_core.package_discovery:discover_packages(recursive) discover
[0.132s] INFO:colcon.colcon_core.package_discovery:Crawling recursively for packages in '/home/alip/clover_ws/src'
[0.132s] Level 1:colcon.colcon_core.package_identification:_identify(.) by extensions ['ignore', 'ignore_ament_install']
[0.132s] Level 1:colcon.colcon_core.package_identification:_identify(.) by extension 'ignore'
[0.132s] Level 1:colcon.colcon_core.package_identification:_identify(.) by extension 'ignore_ament_install'
[0.132s] Level 1:colcon.colcon_core.package_identification:_identify(.) by extensions ['colcon_pkg']
[0.132s] Level 1:colcon.colcon_core.package_identification:_identify(.) by extension 'colcon_pkg'
[0.132s] Level 1:colcon.colcon_core.package_identification:_identify(.) by extensions ['colcon_meta']
[0.132s] Level 1:colcon.colcon_core.package_identification:_identify(.) by extension 'colcon_meta'
[0.132s] Level 1:colcon.colcon_core.package_identification:_identify(.) by extensions ['ros']
[0.132s] Level 1:colcon.colcon_core.package_identification:_identify(.) by extension 'ros'
[0.140s] Level 1:colcon.colcon_core.package_identification:_identify(.) by extensions ['cmake', 'python']
[0.140s] Level 1:colcon.colcon_core.package_identification:_identify(.) by extension 'cmake'
[0.141s] Level 1:colcon.colcon_core.package_identification:_identify(.) by extension 'python'
[0.141s] Level 1:colcon.colcon_core.package_identification:_identify(.) by extensions ['python_setup_py']
[0.141s] Level 1:colcon.colcon_core.package_identification:_identify(.) by extension 'python_setup_py'
[0.141s] Level 1:colcon.colcon_core.package_identification:_identify(build) by extensions ['ignore', 'ignore_ament_install']
[0.141s] Level 1:colcon.colcon_core.package_identification:_identify(build) by extension 'ignore'
[0.141s] Level 1:colcon.colcon_core.package_identification:_identify(build) ignored
[0.141s] Level 1:colcon.colcon_core.package_identification:_identify(clover) by extensions ['ignore', 'ignore_ament_install']
[0.141s] Level 1:colcon.colcon_core.package_identification:_identify(clover) by extension 'ignore'
[0.141s] Level 1:colcon.colcon_core.package_identification:_identify(clover) by extension 'ignore_ament_install'
[0.141s] Level 1:colcon.colcon_core.package_identification:_identify(clover) by extensions ['colcon_pkg']
[0.141s] Level 1:colcon.colcon_core.package_identification:_identify(clover) by extension 'colcon_pkg'
[0.141s] Level 1:colcon.colcon_core.package_identification:_identify(clover) by extensions ['colcon_meta']
[0.141s] Level 1:colcon.colcon_core.package_identification:_identify(clover) by extension 'colcon_meta'
[0.141s] Level 1:colcon.colcon_core.package_identification:_identify(clover) by extensions ['ros']
[0.141s] Level 1:colcon.colcon_core.package_identification:_identify(clover) by extension 'ros'
[0.143s] DEBUG:colcon.colcon_core.package_identification:Package 'clover' with type 'ros.ament_cmake' and name 'clover'
[0.143s] Level 1:colcon.colcon_core.package_identification:_identify(install) by extensions ['ignore', 'ignore_ament_install']
[0.143s] Level 1:colcon.colcon_core.package_identification:_identify(install) by extension 'ignore'
[0.144s] Level 1:colcon.colcon_core.package_identification:_identify(install) ignored
[0.144s] Level 1:colcon.colcon_core.package_identification:_identify(log) by extensions ['ignore', 'ignore_ament_install']
[0.144s] Level 1:colcon.colcon_core.package_identification:_identify(log) by extension 'ignore'
[0.144s] Level 1:colcon.colcon_core.package_identification:_identify(log) ignored
[0.144s] Level 1:colcon.colcon_core.package_identification:_identify(my_package) by extensions ['ignore', 'ignore_ament_install']
[0.144s] Level 1:colcon.colcon_core.package_identification:_identify(my_package) by extension 'ignore'
[0.144s] Level 1:colcon.colcon_core.package_identification:_identify(my_package) by extension 'ignore_ament_install'
[0.144s] Level 1:colcon.colcon_core.package_identification:_identify(my_package) by extensions ['colcon_pkg']
[0.144s] Level 1:colcon.colcon_core.package_identification:_identify(my_package) by extension 'colcon_pkg'
[0.144s] Level 1:colcon.colcon_core.package_identification:_identify(my_package) by extensions ['colcon_meta']
[0.144s] Level 1:colcon.colcon_core.package_identification:_identify(my_package) by extension 'colcon_meta'
[0.144s] Level 1:colcon.colcon_core.package_identification:_identify(my_package) by extensions ['ros']
[0.144s] Level 1:colcon.colcon_core.package_identification:_identify(my_package) by extension 'ros'
[0.145s] DEBUG:colcon.colcon_core.package_identification:Package 'my_package' with type 'ros.ament_cmake' and name 'my_package'
[0.145s] Level 1:colcon.colcon_core.package_identification:_identify(ros2_usb_camera) by extensions ['ignore', 'ignore_ament_install']
[0.145s] Level 1:colcon.colcon_core.package_identification:_identify(ros2_usb_camera) by extension 'ignore'
[0.145s] Level 1:colcon.colcon_core.package_identification:_identify(ros2_usb_camera) by extension 'ignore_ament_install'
[0.145s] Level 1:colcon.colcon_core.package_identification:_identify(ros2_usb_camera) by extensions ['colcon_pkg']
[0.145s] Level 1:colcon.colcon_core.package_identification:_identify(ros2_usb_camera) by extension 'colcon_pkg'
[0.145s] Level 1:colcon.colcon_core.package_identification:_identify(ros2_usb_camera) by extensions ['colcon_meta']
[0.145s] Level 1:colcon.colcon_core.package_identification:_identify(ros2_usb_camera) by extension 'colcon_meta'
[0.145s] Level 1:colcon.colcon_core.package_identification:_identify(ros2_usb_camera) by extensions ['ros']
[0.145s] Level 1:colcon.colcon_core.package_identification:_identify(ros2_usb_camera) by extension 'ros'
[0.146s] DEBUG:colcon.colcon_core.package_identification:Package 'ros2_usb_camera' with type 'ros.ament_cmake' and name 'usb_camera_driver'
[0.146s] Level 1:colcon.colcon_core.package_discovery:discover_packages(recursive) using defaults
[0.146s] Level 1:colcon.colcon_core.package_discovery:discover_packages(ignore) discover
[0.146s] Level 1:colcon.colcon_core.package_discovery:discover_packages(ignore) using defaults
[0.146s] Level 1:colcon.colcon_core.package_discovery:discover_packages(path) discover
[0.146s] Level 1:colcon.colcon_core.package_discovery:discover_packages(path) using defaults
[0.170s] Level 1:colcon.colcon_core.package_discovery:discover_packages(prefix_path) check parameters
[0.170s] Level 1:colcon.colcon_core.package_discovery:discover_packages(prefix_path) discover
[0.172s] DEBUG:colcon.colcon_installed_package_information.package_discovery:Found 2 installed packages in /home/alip/clover_ws/src/install
[0.173s] DEBUG:colcon.colcon_installed_package_information.package_discovery:Found 272 installed packages in /opt/ros/foxy
[0.174s] Level 1:colcon.colcon_core.package_discovery:discover_packages(prefix_path) using defaults
[0.228s] Level 5:colcon.colcon_core.verb:set package 'clover' build argument 'cmake_args' from command line to 'None'
[0.228s] Level 5:colcon.colcon_core.verb:set package 'clover' build argument 'cmake_target' from command line to 'None'
[0.228s] Level 5:colcon.colcon_core.verb:set package 'clover' build argument 'cmake_target_skip_unavailable' from command line to 'False'
[0.228s] Level 5:colcon.colcon_core.verb:set package 'clover' build argument 'cmake_clean_cache' from command line to 'False'
[0.228s] Level 5:colcon.colcon_core.verb:set package 'clover' build argument 'cmake_clean_first' from command line to 'False'
[0.229s] Level 5:colcon.colcon_core.verb:set package 'clover' build argument 'cmake_force_configure' from command line to 'False'
[0.229s] Level 5:colcon.colcon_core.verb:set package 'clover' build argument 'ament_cmake_args' from command line to 'None'
[0.229s] Level 5:colcon.colcon_core.verb:set package 'clover' build argument 'catkin_cmake_args' from command line to 'None'
[0.229s] Level 5:colcon.colcon_core.verb:set package 'clover' build argument 'catkin_skip_building_tests' from command line to 'False'
[0.229s] DEBUG:colcon.colcon_core.verb:Building package 'clover' with the following arguments: {'ament_cmake_args': None, 'build_base': '/home/alip/clover_ws/src/build/clover', 'catkin_cmake_args': None, 'catkin_skip_building_tests': False, 'cmake_args': None, 'cmake_clean_cache': False, 'cmake_clean_first': False, 'cmake_force_configure': False, 'cmake_target': None, 'cmake_target_skip_unavailable': False, 'install_base': '/home/alip/clover_ws/src/install/clover', 'merge_install': False, 'path': '/home/alip/clover_ws/src/clover', 'symlink_install': True, 'test_result_base': None}
[0.229s] Level 5:colcon.colcon_core.verb:set package 'my_package' build argument 'cmake_args' from command line to 'None'
[0.229s] Level 5:colcon.colcon_core.verb:set package 'my_package' build argument 'cmake_target' from command line to 'None'
[0.229s] Level 5:colcon.colcon_core.verb:set package 'my_package' build argument 'cmake_target_skip_unavailable' from command line to 'False'
[0.230s] Level 5:colcon.colcon_core.verb:set package 'my_package' build argument 'cmake_clean_cache' from command line to 'False'
[0.230s] Level 5:colcon.colcon_core.verb:set package 'my_package' build argument 'cmake_clean_first' from command line to 'False'
[0.230s] Level 5:colcon.colcon_core.verb:set package 'my_package' build argument 'cmake_force_configure' from command line to 'False'
[0.230s] Level 5:colcon.colcon_core.verb:set package 'my_package' build argument 'ament_cmake_args' from command line to 'None'
[0.230s] Level 5:colcon.colcon_core.verb:set package 'my_package' build argument 'catkin_cmake_args' from command line to 'None'
[0.230s] Level 5:colcon.colcon_core.verb:set package 'my_package' build argument 'catkin_skip_building_tests' from command line to 'False'
[0.230s] DEBUG:colcon.colcon_core.verb:Building package 'my_package' with the following arguments: {'ament_cmake_args': None, 'build_base': '/home/alip/clover_ws/src/build/my_package', 'catkin_cmake_args': None, 'catkin_skip_building_tests': False, 'cmake_args': None, 'cmake_clean_cache': False, 'cmake_clean_first': False, 'cmake_force_configure': False, 'cmake_target': None, 'cmake_target_skip_unavailable': False, 'install_base': '/home/alip/clover_ws/src/install/my_package', 'merge_install': False, 'path': '/home/alip/clover_ws/src/my_package', 'symlink_install': True, 'test_result_base': None}
[0.230s] Level 5:colcon.colcon_core.verb:set package 'usb_camera_driver' build argument 'cmake_args' from command line to 'None'
[0.230s] Level 5:colcon.colcon_core.verb:set package 'usb_camera_driver' build argument 'cmake_target' from command line to 'None'
[0.230s] Level 5:colcon.colcon_core.verb:set package 'usb_camera_driver' build argument 'cmake_target_skip_unavailable' from command line to 'False'
[0.231s] Level 5:colcon.colcon_core.verb:set package 'usb_camera_driver' build argument 'cmake_clean_cache' from command line to 'False'
[0.231s] Level 5:colcon.colcon_core.verb:set package 'usb_camera_driver' build argument 'cmake_clean_first' from command line to 'False'
[0.231s] Level 5:colcon.colcon_core.verb:set package 'usb_camera_driver' build argument 'cmake_force_configure' from command line to 'False'
[0.231s] Level 5:colcon.colcon_core.verb:set package 'usb_camera_driver' build argument 'ament_cmake_args' from command line to 'None'
[0.231s] Level 5:colcon.colcon_core.verb:set package 'usb_camera_driver' build argument 'catkin_cmake_args' from command line to 'None'
[0.231s] Level 5:colcon.colcon_core.verb:set package 'usb_camera_driver' build argument 'catkin_skip_building_tests' from command line to 'False'
[0.231s] DEBUG:colcon.colcon_core.verb:Building package 'usb_camera_driver' with the following arguments: {'ament_cmake_args': None, 'build_base': '/home/alip/clover_ws/src/build/usb_camera_driver', 'catkin_cmake_args': None, 'catkin_skip_building_tests': False, 'cmake_args': None, 'cmake_clean_cache': False, 'cmake_clean_first': False, 'cmake_force_configure': False, 'cmake_target': None, 'cmake_target_skip_unavailable': False, 'install_base': '/home/alip/clover_ws/src/install/usb_camera_driver', 'merge_install': False, 'path': '/home/alip/clover_ws/src/ros2_usb_camera', 'symlink_install': True, 'test_result_base': None}
[0.231s] INFO:colcon.colcon_core.executor:Executing jobs using 'parallel' executor
[0.235s] DEBUG:colcon.colcon_parallel_executor.executor.parallel:run_until_complete
[0.235s] INFO:colcon.colcon_ros.task.ament_cmake.build:Building ROS package in '/home/alip/clover_ws/src/clover' with build type 'ament_cmake'
[0.235s] INFO:colcon.colcon_cmake.task.cmake.build:Building CMake package in '/home/alip/clover_ws/src/clover'
[0.238s] INFO:colcon.colcon_core.plugin_system:Skipping extension 'colcon_core.shell.bat': Not used on non-Windows systems
[0.238s] INFO:colcon.colcon_core.shell:Skip shell extension 'powershell' for command environment: Not usable outside of PowerShell
[0.238s] DEBUG:colcon.colcon_core.shell:Skip shell extension 'dsv' for command environment
[0.242s] INFO:colcon.colcon_ros.task.ament_cmake.build:Building ROS package in '/home/alip/clover_ws/src/my_package' with build type 'ament_cmake'
[0.243s] INFO:colcon.colcon_cmake.task.cmake.build:Building CMake package in '/home/alip/clover_ws/src/my_package'
[0.244s] INFO:colcon.colcon_core.shell:Skip shell extension 'powershell' for command environment: Not usable outside of PowerShell
[0.244s] DEBUG:colcon.colcon_core.shell:Skip shell extension 'dsv' for command environment
[0.249s] INFO:colcon.colcon_ros.task.ament_cmake.build:Building ROS package in '/home/alip/clover_ws/src/ros2_usb_camera' with build type 'ament_cmake'
[0.249s] INFO:colcon.colcon_cmake.task.cmake.build:Building CMake package in '/home/alip/clover_ws/src/ros2_usb_camera'
[0.250s] INFO:colcon.colcon_core.shell:Skip shell extension 'powershell' for command environment: Not usable outside of PowerShell
[0.251s] DEBUG:colcon.colcon_core.shell:Skip shell extension 'dsv' for command environment
[0.260s] DEBUG:colcon.colcon_core.event_handler.log_command:Invoking command in '/home/alip/clover_ws/src/build/clover': CMAKE_PREFIX_PATH=${CMAKE_PREFIX_PATH}:/opt/ros/foxy /usr/bin/cmake /home/alip/clover_ws/src/clover -DAMENT_CMAKE_SYMLINK_INSTALL=1 -DCMAKE_INSTALL_PREFIX=/home/alip/clover_ws/src/install/clover
[0.263s] DEBUG:colcon.colcon_core.event_handler.log_command:Invoking command in '/home/alip/clover_ws/src/build/my_package': CMAKE_PREFIX_PATH=${CMAKE_PREFIX_PATH}:/opt/ros/foxy /usr/bin/cmake /home/alip/clover_ws/src/my_package -DAMENT_CMAKE_SYMLINK_INSTALL=1 -DCMAKE_INSTALL_PREFIX=/home/alip/clover_ws/src/install/my_package
[0.267s] DEBUG:colcon.colcon_core.event_handler.log_command:Invoking command in '/home/alip/clover_ws/src/build/usb_camera_driver': CMAKE_PREFIX_PATH=${CMAKE_PREFIX_PATH}:/opt/ros/foxy /usr/bin/cmake /home/alip/clover_ws/src/ros2_usb_camera -DAMENT_CMAKE_SYMLINK_INSTALL=1 -DCMAKE_INSTALL_PREFIX=/home/alip/clover_ws/src/install/usb_camera_driver
[0.518s] DEBUG:colcon.colcon_core.event_handler.log_command:Invoked command in '/home/alip/clover_ws/src/build/my_package' returned '0': CMAKE_PREFIX_PATH=${CMAKE_PREFIX_PATH}:/opt/ros/foxy /usr/bin/cmake /home/alip/clover_ws/src/my_package -DAMENT_CMAKE_SYMLINK_INSTALL=1 -DCMAKE_INSTALL_PREFIX=/home/alip/clover_ws/src/install/my_package
[0.520s] DEBUG:colcon.colcon_core.event_handler.log_command:Invoking command in '/home/alip/clover_ws/src/build/my_package': CMAKE_PREFIX_PATH=${CMAKE_PREFIX_PATH}:/opt/ros/foxy /usr/bin/cmake --build /home/alip/clover_ws/src/build/my_package -- -j8 -l8
[0.526s] DEBUG:colcon.colcon_core.event_handler.log_command:Invoked command in '/home/alip/clover_ws/src/build/clover' returned '0': CMAKE_PREFIX_PATH=${CMAKE_PREFIX_PATH}:/opt/ros/foxy /usr/bin/cmake /home/alip/clover_ws/src/clover -DAMENT_CMAKE_SYMLINK_INSTALL=1 -DCMAKE_INSTALL_PREFIX=/home/alip/clover_ws/src/install/clover
[0.528s] DEBUG:colcon.colcon_core.event_handler.log_command:Invoking command in '/home/alip/clover_ws/src/build/clover': CMAKE_PREFIX_PATH=${CMAKE_PREFIX_PATH}:/opt/ros/foxy /usr/bin/cmake --build /home/alip/clover_ws/src/build/clover -- -j8 -l8
[0.548s] DEBUG:colcon.colcon_core.event_handler.log_command:Invoked command in '/home/alip/clover_ws/src/build/my_package' returned '0': CMAKE_PREFIX_PATH=${CMAKE_PREFIX_PATH}:/opt/ros/foxy /usr/bin/cmake --build /home/alip/clover_ws/src/build/my_package -- -j8 -l8
[0.556s] DEBUG:colcon.colcon_core.event_handler.log_command:Invoked command in '/home/alip/clover_ws/src/build/clover' returned '0': CMAKE_PREFIX_PATH=${CMAKE_PREFIX_PATH}:/opt/ros/foxy /usr/bin/cmake --build /home/alip/clover_ws/src/build/clover -- -j8 -l8
[0.571s] DEBUG:colcon.colcon_core.event_handler.log_command:Invoking command in '/home/alip/clover_ws/src/build/my_package': CMAKE_PREFIX_PATH=${CMAKE_PREFIX_PATH}:/opt/ros/foxy /usr/bin/cmake --install /home/alip/clover_ws/src/build/my_package
[0.574s] DEBUG:colcon.colcon_core.event_handler.log_command:Invoking command in '/home/alip/clover_ws/src/build/clover': CMAKE_PREFIX_PATH=${CMAKE_PREFIX_PATH}:/opt/ros/foxy /usr/bin/cmake --install /home/alip/clover_ws/src/build/clover
[0.589s] Level 1:colcon.colcon_core.environment:create_environment_scripts_only(my_package)
[0.590s] DEBUG:colcon.colcon_core.event_handler.log_command:Invoked command in '/home/alip/clover_ws/src/build/my_package' returned '0': CMAKE_PREFIX_PATH=${CMAKE_PREFIX_PATH}:/opt/ros/foxy /usr/bin/cmake --install /home/alip/clover_ws/src/build/my_package
[0.594s] Level 1:colcon.colcon_core.environment:checking '/home/alip/clover_ws/src/install/my_package' for CMake module files
[0.595s] Level 1:colcon.colcon_core.environment:checking '/home/alip/clover_ws/src/install/my_package' for CMake config files
[0.595s] Level 1:colcon.colcon_core.shell:create_environment_hook('my_package', 'cmake_prefix_path')
[0.596s] INFO:colcon.colcon_core.shell:Creating environment hook '/home/alip/clover_ws/src/install/my_package/share/my_package/hook/cmake_prefix_path.ps1'
[0.597s] INFO:colcon.colcon_core.shell:Creating environment descriptor '/home/alip/clover_ws/src/install/my_package/share/my_package/hook/cmake_prefix_path.dsv'
[0.597s] INFO:colcon.colcon_core.shell:Creating environment hook '/home/alip/clover_ws/src/install/my_package/share/my_package/hook/cmake_prefix_path.sh'
[0.598s] Level 1:colcon.colcon_core.environment:checking '/home/alip/clover_ws/src/install/my_package/bin'
[0.598s] Level 1:colcon.colcon_core.environment:checking '/home/alip/clover_ws/src/install/my_package/lib/pkgconfig/my_package.pc'
[0.598s] Level 1:colcon.colcon_core.environment:checking '/home/alip/clover_ws/src/install/my_package/lib/python3.8/site-packages'
[0.598s] Level 1:colcon.colcon_core.environment:checking '/home/alip/clover_ws/src/install/my_package/bin'
[0.599s] INFO:colcon.colcon_core.shell:Creating package script '/home/alip/clover_ws/src/install/my_package/share/my_package/package.ps1'
[0.600s] INFO:colcon.colcon_core.shell:Creating package descriptor '/home/alip/clover_ws/src/install/my_package/share/my_package/package.dsv'
[0.600s] INFO:colcon.colcon_core.shell:Creating package script '/home/alip/clover_ws/src/install/my_package/share/my_package/package.sh'
[0.601s] INFO:colcon.colcon_core.shell:Creating package script '/home/alip/clover_ws/src/install/my_package/share/my_package/package.bash'
[0.602s] INFO:colcon.colcon_core.shell:Creating package script '/home/alip/clover_ws/src/install/my_package/share/my_package/package.zsh'
[0.602s] Level 1:colcon.colcon_core.environment:create_file_with_runtime_dependencies(/home/alip/clover_ws/src/install/my_package/share/colcon-core/packages/my_package)
[0.618s] Level 1:colcon.colcon_core.environment:create_environment_scripts_only(my_package)
[0.620s] Level 1:colcon.colcon_core.environment:checking '/home/alip/clover_ws/src/install/my_package' for CMake module files
[0.620s] Level 1:colcon.colcon_core.environment:checking '/home/alip/clover_ws/src/install/my_package' for CMake config files
[0.620s] Level 1:colcon.colcon_core.shell:create_environment_hook('my_package', 'cmake_prefix_path')
[0.621s] INFO:colcon.colcon_core.shell:Creating environment hook '/home/alip/clover_ws/src/install/my_package/share/my_package/hook/cmake_prefix_path.ps1'
[0.622s] INFO:colcon.colcon_core.shell:Creating environment descriptor '/home/alip/clover_ws/src/install/my_package/share/my_package/hook/cmake_prefix_path.dsv'
[0.622s] INFO:colcon.colcon_core.shell:Creating environment hook '/home/alip/clover_ws/src/install/my_package/share/my_package/hook/cmake_prefix_path.sh'
[0.623s] Level 1:colcon.colcon_core.environment:checking '/home/alip/clover_ws/src/install/my_package/bin'
[0.623s] Level 1:colcon.colcon_core.environment:checking '/home/alip/clover_ws/src/install/my_package/lib/pkgconfig/my_package.pc'
[0.623s] Level 1:colcon.colcon_core.environment:checking '/home/alip/clover_ws/src/install/my_package/lib/python3.8/site-packages'
[0.623s] Level 1:colcon.colcon_core.environment:checking '/home/alip/clover_ws/src/install/my_package/bin'
[0.625s] INFO:colcon.colcon_core.shell:Creating package script '/home/alip/clover_ws/src/install/my_package/share/my_package/package.ps1'
[0.625s] INFO:colcon.colcon_core.shell:Creating package descriptor '/home/alip/clover_ws/src/install/my_package/share/my_package/package.dsv'
[0.625s] INFO:colcon.colcon_core.shell:Creating package script '/home/alip/clover_ws/src/install/my_package/share/my_package/package.sh'
[0.626s] INFO:colcon.colcon_core.shell:Creating package script '/home/alip/clover_ws/src/install/my_package/share/my_package/package.bash'
[0.626s] INFO:colcon.colcon_core.shell:Creating package script '/home/alip/clover_ws/src/install/my_package/share/my_package/package.zsh'
[0.626s] Level 1:colcon.colcon_core.environment:create_file_with_runtime_dependencies(/home/alip/clover_ws/src/install/my_package/share/colcon-core/packages/my_package)
[0.772s] Level 1:colcon.colcon_core.environment:create_environment_scripts_only(clover)
[0.774s] Level 1:colcon.colcon_core.environment:checking '/home/alip/clover_ws/src/install/clover' for CMake module files
[0.774s] DEBUG:colcon.colcon_core.event_handler.log_command:Invoked command in '/home/alip/clover_ws/src/build/clover' returned '0': CMAKE_PREFIX_PATH=${CMAKE_PREFIX_PATH}:/opt/ros/foxy /usr/bin/cmake --install /home/alip/clover_ws/src/build/clover
[0.774s] Level 1:colcon.colcon_core.environment:checking '/home/alip/clover_ws/src/install/clover' for CMake config files
[0.775s] Level 1:colcon.colcon_core.shell:create_environment_hook('clover', 'cmake_prefix_path')
[0.776s] INFO:colcon.colcon_core.shell:Creating environment hook '/home/alip/clover_ws/src/install/clover/share/clover/hook/cmake_prefix_path.ps1'
[0.776s] INFO:colcon.colcon_core.shell:Creating environment descriptor '/home/alip/clover_ws/src/install/clover/share/clover/hook/cmake_prefix_path.dsv'
[0.776s] INFO:colcon.colcon_core.shell:Creating environment hook '/home/alip/clover_ws/src/install/clover/share/clover/hook/cmake_prefix_path.sh'
[0.777s] Level 1:colcon.colcon_core.environment:checking '/home/alip/clover_ws/src/install/clover/bin'
[0.777s] Level 1:colcon.colcon_core.environment:checking '/home/alip/clover_ws/src/install/clover/lib/pkgconfig/clover.pc'
[0.777s] Level 1:colcon.colcon_core.environment:checking '/home/alip/clover_ws/src/install/clover/lib/python3.8/site-packages'
[0.777s] Level 1:colcon.colcon_core.environment:checking '/home/alip/clover_ws/src/install/clover/bin'
[0.778s] INFO:colcon.colcon_core.shell:Creating package script '/home/alip/clover_ws/src/install/clover/share/clover/package.ps1'
[0.778s] INFO:colcon.colcon_core.shell:Creating package descriptor '/home/alip/clover_ws/src/install/clover/share/clover/package.dsv'
[0.779s] INFO:colcon.colcon_core.shell:Creating package script '/home/alip/clover_ws/src/install/clover/share/clover/package.sh'
[0.779s] INFO:colcon.colcon_core.shell:Creating package script '/home/alip/clover_ws/src/install/clover/share/clover/package.bash'
[0.779s] INFO:colcon.colcon_core.shell:Creating package script '/home/alip/clover_ws/src/install/clover/share/clover/package.zsh'
[0.779s] Level 1:colcon.colcon_core.environment:create_file_with_runtime_dependencies(/home/alip/clover_ws/src/install/clover/share/colcon-core/packages/clover)
[0.795s] Level 1:colcon.colcon_core.environment:create_environment_scripts_only(clover)
[0.796s] Level 1:colcon.colcon_core.environment:checking '/home/alip/clover_ws/src/install/clover' for CMake module files
[0.797s] Level 1:colcon.colcon_core.environment:checking '/home/alip/clover_ws/src/install/clover' for CMake config files
[0.797s] Level 1:colcon.colcon_core.shell:create_environment_hook('clover', 'cmake_prefix_path')
[0.798s] INFO:colcon.colcon_core.shell:Creating environment hook '/home/alip/clover_ws/src/install/clover/share/clover/hook/cmake_prefix_path.ps1'
[0.798s] INFO:colcon.colcon_core.shell:Creating environment descriptor '/home/alip/clover_ws/src/install/clover/share/clover/hook/cmake_prefix_path.dsv'
[0.799s] INFO:colcon.colcon_core.shell:Creating environment hook '/home/alip/clover_ws/src/install/clover/share/clover/hook/cmake_prefix_path.sh'
[0.799s] Level 1:colcon.colcon_core.environment:checking '/home/alip/clover_ws/src/install/clover/bin'
[0.799s] Level 1:colcon.colcon_core.environment:checking '/home/alip/clover_ws/src/install/clover/lib/pkgconfig/clover.pc'
[0.799s] Level 1:colcon.colcon_core.environment:checking '/home/alip/clover_ws/src/install/clover/lib/python3.8/site-packages'
[0.799s] Level 1:colcon.colcon_core.environment:checking '/home/alip/clover_ws/src/install/clover/bin'
[0.800s] INFO:colcon.colcon_core.shell:Creating package script '/home/alip/clover_ws/src/install/clover/share/clover/package.ps1'
[0.801s] INFO:colcon.colcon_core.shell:Creating package descriptor '/home/alip/clover_ws/src/install/clover/share/clover/package.dsv'
[0.801s] INFO:colcon.colcon_core.shell:Creating package script '/home/alip/clover_ws/src/install/clover/share/clover/package.sh'
[0.802s] INFO:colcon.colcon_core.shell:Creating package script '/home/alip/clover_ws/src/install/clover/share/clover/package.bash'
[0.802s] INFO:colcon.colcon_core.shell:Creating package script '/home/alip/clover_ws/src/install/clover/share/clover/package.zsh'
[0.802s] Level 1:colcon.colcon_core.environment:create_file_with_runtime_dependencies(/home/alip/clover_ws/src/install/clover/share/colcon-core/packages/clover)
[1.073s] DEBUG:colcon.colcon_parallel_executor.executor.parallel:run_until_complete was interrupted
[1.073s] DEBUG:colcon.colcon_parallel_executor.executor.parallel:run_until_complete again
[1.077s] DEBUG:colcon.colcon_core.event_handler.log_command:Invoked command in '/home/alip/clover_ws/src/build/usb_camera_driver' returned '-2': CMAKE_PREFIX_PATH=${CMAKE_PREFIX_PATH}:/opt/ros/foxy /usr/bin/cmake /home/alip/clover_ws/src/ros2_usb_camera -DAMENT_CMAKE_SYMLINK_INSTALL=1 -DCMAKE_INSTALL_PREFIX=/home/alip/clover_ws/src/install/usb_camera_driver
[1.161s] DEBUG:colcon.colcon_parallel_executor.executor.parallel:run_until_complete finished
[1.161s] DEBUG:colcon.colcon_parallel_executor.executor.parallel:closing loop
[1.161s] DEBUG:colcon.colcon_parallel_executor.executor.parallel:loop closed
[1.161s] DEBUG:colcon.colcon_core.event_reactor:joining thread
[1.166s] INFO:colcon.colcon_core.plugin_system:Skipping extension 'colcon_notification.desktop_notification.terminal_notifier': Not used on non-Darwin systems
[1.167s] INFO:colcon.colcon_core.plugin_system:Skipping extension 'colcon_notification.desktop_notification.win32': Not used on non-Windows systems
[1.167s] INFO:colcon.colcon_notification.desktop_notification:Sending desktop notification using 'notify2'
[1.192s] DEBUG:colcon.colcon_core.event_reactor:joined thread
[1.194s] INFO:colcon.colcon_core.shell:Creating prefix script '/home/alip/clover_ws/src/install/local_setup.ps1'
[1.195s] INFO:colcon.colcon_core.shell:Creating prefix util module '/home/alip/clover_ws/src/install/_local_setup_util_ps1.py'
[1.196s] INFO:colcon.colcon_core.shell:Creating prefix chain script '/home/alip/clover_ws/src/install/setup.ps1'
[1.197s] INFO:colcon.colcon_core.shell:Creating prefix script '/home/alip/clover_ws/src/install/local_setup.sh'
[1.197s] INFO:colcon.colcon_core.shell:Creating prefix util module '/home/alip/clover_ws/src/install/_local_setup_util_sh.py'
[1.197s] INFO:colcon.colcon_core.shell:Creating prefix chain script '/home/alip/clover_ws/src/install/setup.sh'
[1.198s] INFO:colcon.colcon_core.shell:Creating prefix script '/home/alip/clover_ws/src/install/local_setup.bash'
[1.199s] INFO:colcon.colcon_core.shell:Creating prefix chain script '/home/alip/clover_ws/src/install/setup.bash'
[1.200s] INFO:colcon.colcon_core.shell:Creating prefix script '/home/alip/clover_ws/src/install/local_setup.zsh'
[1.200s] INFO:colcon.colcon_core.shell:Creating prefix chain script '/home/alip/clover_ws/src/install/setup.zsh'
