[0.064s] Invoking command in '/home/alip/clover_ws/src/build/my_package': CMAKE_PREFIX_PATH=${CMAKE_PREFIX_PATH}:/opt/ros/foxy /usr/bin/cmake --build /home/alip/clover_ws/src/build/my_package -- -j8 -l8
[0.143s] Invoked command in '/home/alip/clover_ws/src/build/my_package' returned '0': CMAKE_PREFIX_PATH=${CMAKE_PREFIX_PATH}:/opt/ros/foxy /usr/bin/cmake --build /home/alip/clover_ws/src/build/my_package -- -j8 -l8
[0.166s] Invoking command in '/home/alip/clover_ws/src/build/my_package': CMAKE_PREFIX_PATH=${CMAKE_PREFIX_PATH}:/opt/ros/foxy /usr/bin/cmake --install /home/alip/clover_ws/src/build/my_package
[0.182s] -- Install configuration: ""
[0.190s] -- Execute custom install script
[0.191s] -- Up-to-date symlink: /home/alip/clover_ws/src/install/my_package/share/my_package/launch/listener.launch.py
[0.191s] -- Up-to-date symlink: /home/alip/clover_ws/src/install/my_package/share/my_package/launch/talker.launch.py
[0.191s] -- Up-to-date symlink: /home/alip/clover_ws/src/install/my_package/share/ament_index/resource_index/package_run_dependencies/my_package
[0.191s] -- Up-to-date symlink: /home/alip/clover_ws/src/install/my_package/share/ament_index/resource_index/parent_prefix_path/my_package
[0.191s] -- Up-to-date symlink: /home/alip/clover_ws/src/install/my_package/share/my_package/environment/ament_prefix_path.sh
[0.192s] -- Up-to-date symlink: /home/alip/clover_ws/src/install/my_package/share/my_package/environment/ament_prefix_path.dsv
[0.192s] -- Up-to-date symlink: /home/alip/clover_ws/src/install/my_package/share/my_package/environment/path.sh
[0.192s] -- Up-to-date symlink: /home/alip/clover_ws/src/install/my_package/share/my_package/environment/path.dsv
[0.192s] -- Up-to-date symlink: /home/alip/clover_ws/src/install/my_package/share/my_package/local_setup.bash
[0.193s] -- Up-to-date symlink: /home/alip/clover_ws/src/install/my_package/share/my_package/local_setup.sh
[0.193s] -- Up-to-date symlink: /home/alip/clover_ws/src/install/my_package/share/my_package/local_setup.zsh
[0.193s] -- Up-to-date symlink: /home/alip/clover_ws/src/install/my_package/share/my_package/local_setup.dsv
[0.193s] -- Symlinking: /home/alip/clover_ws/src/install/my_package/share/my_package/package.dsv
[0.200s] -- Up-to-date symlink: /home/alip/clover_ws/src/install/my_package/share/ament_index/resource_index/packages/my_package
[0.200s] -- Up-to-date symlink: /home/alip/clover_ws/src/install/my_package/share/my_package/cmake/my_packageConfig.cmake
[0.200s] -- Up-to-date symlink: /home/alip/clover_ws/src/install/my_package/share/my_package/cmake/my_packageConfig-version.cmake
[0.201s] -- Up-to-date symlink: /home/alip/clover_ws/src/install/my_package/share/my_package/package.xml
[0.203s] Invoked command in '/home/alip/clover_ws/src/build/my_package' returned '0': CMAKE_PREFIX_PATH=${CMAKE_PREFIX_PATH}:/opt/ros/foxy /usr/bin/cmake --install /home/alip/clover_ws/src/build/my_package
