[0.110s] DEBUG:colcon:Command line arguments: ['/usr/bin/colcon', 'build', '--symlink-install']
[0.110s] DEBUG:colcon:Parsed command line arguments: Namespace(allow_overriding=[], ament_cmake_args=None, base_paths=['.'], build_base='build', catkin_cmake_args=None, catkin_skip_building_tests=False, cmake_args=None, cmake_clean_cache=False, cmake_clean_first=False, cmake_force_configure=False, cmake_target=None, cmake_target_skip_unavailable=False, continue_on_error=False, event_handlers=None, executor='parallel', ignore_user_meta=False, install_base='install', log_base=None, log_level=None, main=<bound method BuildVerb.main of <colcon_core.verb.build.BuildVerb object at 0x7fe209b69910>>, merge_install=False, metas=['./colcon.meta'], packages_above=None, packages_above_and_dependencies=None, packages_above_depth=None, packages_end=None, packages_ignore=None, packages_ignore_regex=None, packages_select=None, packages_select_build_failed=False, packages_select_by_dep=None, packages_select_regex=None, packages_select_test_failures=False, packages_skip=None, packages_skip_build_finished=False, packages_skip_by_dep=None, packages_skip_regex=None, packages_skip_test_passed=False, packages_skip_up_to=None, packages_start=None, packages_up_to=None, packages_up_to_regex=None, parallel_workers=8, paths=None, symlink_install=True, test_result_base=None, verb_extension=<colcon_core.verb.build.BuildVerb object at 0x7fe209b69910>, verb_name='build', verb_parser=<colcon_defaults.argument_parser.defaults.DefaultArgumentsDecorator object at 0x7fe209b69e80>)
[0.183s] Level 1:colcon.colcon_core.package_discovery:discover_packages(colcon_meta) check parameters
[0.183s] Level 1:colcon.colcon_core.package_discovery:discover_packages(recursive) check parameters
[0.183s] Level 1:colcon.colcon_core.package_discovery:discover_packages(ignore) check parameters
[0.183s] Level 1:colcon.colcon_core.package_discovery:discover_packages(path) check parameters
[0.183s] Level 1:colcon.colcon_core.package_discovery:discover_packages(colcon_meta) discover
[0.183s] Level 1:colcon.colcon_core.package_discovery:discover_packages(recursive) discover
[0.183s] INFO:colcon.colcon_core.package_discovery:Crawling recursively for packages in '/home/alip/clover_ws/src'
[0.183s] Level 1:colcon.colcon_core.package_identification:_identify(.) by extensions ['ignore', 'ignore_ament_install']
[0.183s] Level 1:colcon.colcon_core.package_identification:_identify(.) by extension 'ignore'
[0.183s] Level 1:colcon.colcon_core.package_identification:_identify(.) by extension 'ignore_ament_install'
[0.183s] Level 1:colcon.colcon_core.package_identification:_identify(.) by extensions ['colcon_pkg']
[0.183s] Level 1:colcon.colcon_core.package_identification:_identify(.) by extension 'colcon_pkg'
[0.183s] Level 1:colcon.colcon_core.package_identification:_identify(.) by extensions ['colcon_meta']
[0.183s] Level 1:colcon.colcon_core.package_identification:_identify(.) by extension 'colcon_meta'
[0.184s] Level 1:colcon.colcon_core.package_identification:_identify(.) by extensions ['ros']
[0.184s] Level 1:colcon.colcon_core.package_identification:_identify(.) by extension 'ros'
[0.193s] Level 1:colcon.colcon_core.package_identification:_identify(.) by extensions ['cmake', 'python']
[0.193s] Level 1:colcon.colcon_core.package_identification:_identify(.) by extension 'cmake'
[0.193s] Level 1:colcon.colcon_core.package_identification:_identify(.) by extension 'python'
[0.193s] Level 1:colcon.colcon_core.package_identification:_identify(.) by extensions ['python_setup_py']
[0.193s] Level 1:colcon.colcon_core.package_identification:_identify(.) by extension 'python_setup_py'
[0.193s] Level 1:colcon.colcon_core.package_identification:_identify(build) by extensions ['ignore', 'ignore_ament_install']
[0.193s] Level 1:colcon.colcon_core.package_identification:_identify(build) by extension 'ignore'
[0.193s] Level 1:colcon.colcon_core.package_identification:_identify(build) ignored
[0.193s] Level 1:colcon.colcon_core.package_identification:_identify(clover) by extensions ['ignore', 'ignore_ament_install']
[0.193s] Level 1:colcon.colcon_core.package_identification:_identify(clover) by extension 'ignore'
[0.193s] Level 1:colcon.colcon_core.package_identification:_identify(clover) by extension 'ignore_ament_install'
[0.193s] Level 1:colcon.colcon_core.package_identification:_identify(clover) by extensions ['colcon_pkg']
[0.193s] Level 1:colcon.colcon_core.package_identification:_identify(clover) by extension 'colcon_pkg'
[0.193s] Level 1:colcon.colcon_core.package_identification:_identify(clover) by extensions ['colcon_meta']
[0.194s] Level 1:colcon.colcon_core.package_identification:_identify(clover) by extension 'colcon_meta'
[0.194s] Level 1:colcon.colcon_core.package_identification:_identify(clover) by extensions ['ros']
[0.194s] Level 1:colcon.colcon_core.package_identification:_identify(clover) by extension 'ros'
[0.195s] DEBUG:colcon.colcon_core.package_identification:Package 'clover' with type 'ros.ament_cmake' and name 'clover'
[0.196s] Level 1:colcon.colcon_core.package_identification:_identify(install) by extensions ['ignore', 'ignore_ament_install']
[0.196s] Level 1:colcon.colcon_core.package_identification:_identify(install) by extension 'ignore'
[0.196s] Level 1:colcon.colcon_core.package_identification:_identify(install) ignored
[0.196s] Level 1:colcon.colcon_core.package_identification:_identify(log) by extensions ['ignore', 'ignore_ament_install']
[0.196s] Level 1:colcon.colcon_core.package_identification:_identify(log) by extension 'ignore'
[0.196s] Level 1:colcon.colcon_core.package_identification:_identify(log) ignored
[0.196s] Level 1:colcon.colcon_core.package_identification:_identify(my_package) by extensions ['ignore', 'ignore_ament_install']
[0.196s] Level 1:colcon.colcon_core.package_identification:_identify(my_package) by extension 'ignore'
[0.196s] Level 1:colcon.colcon_core.package_identification:_identify(my_package) by extension 'ignore_ament_install'
[0.196s] Level 1:colcon.colcon_core.package_identification:_identify(my_package) by extensions ['colcon_pkg']
[0.196s] Level 1:colcon.colcon_core.package_identification:_identify(my_package) by extension 'colcon_pkg'
[0.196s] Level 1:colcon.colcon_core.package_identification:_identify(my_package) by extensions ['colcon_meta']
[0.196s] Level 1:colcon.colcon_core.package_identification:_identify(my_package) by extension 'colcon_meta'
[0.196s] Level 1:colcon.colcon_core.package_identification:_identify(my_package) by extensions ['ros']
[0.196s] Level 1:colcon.colcon_core.package_identification:_identify(my_package) by extension 'ros'
[0.197s] DEBUG:colcon.colcon_core.package_identification:Package 'my_package' with type 'ros.ament_cmake' and name 'my_package'
[0.197s] Level 1:colcon.colcon_core.package_identification:_identify(usb_cam) by extensions ['ignore', 'ignore_ament_install']
[0.197s] Level 1:colcon.colcon_core.package_identification:_identify(usb_cam) by extension 'ignore'
[0.197s] Level 1:colcon.colcon_core.package_identification:_identify(usb_cam) by extension 'ignore_ament_install'
[0.197s] Level 1:colcon.colcon_core.package_identification:_identify(usb_cam) by extensions ['colcon_pkg']
[0.197s] Level 1:colcon.colcon_core.package_identification:_identify(usb_cam) by extension 'colcon_pkg'
[0.197s] Level 1:colcon.colcon_core.package_identification:_identify(usb_cam) by extensions ['colcon_meta']
[0.197s] Level 1:colcon.colcon_core.package_identification:_identify(usb_cam) by extension 'colcon_meta'
[0.197s] Level 1:colcon.colcon_core.package_identification:_identify(usb_cam) by extensions ['ros']
[0.197s] Level 1:colcon.colcon_core.package_identification:_identify(usb_cam) by extension 'ros'
[0.198s] DEBUG:colcon.colcon_core.package_identification:Package 'usb_cam' with type 'ros.catkin' and name 'usb_cam'
[0.198s] Level 1:colcon.colcon_core.package_discovery:discover_packages(recursive) using defaults
[0.198s] Level 1:colcon.colcon_core.package_discovery:discover_packages(ignore) discover
[0.198s] Level 1:colcon.colcon_core.package_discovery:discover_packages(ignore) using defaults
[0.198s] Level 1:colcon.colcon_core.package_discovery:discover_packages(path) discover
[0.198s] Level 1:colcon.colcon_core.package_discovery:discover_packages(path) using defaults
[0.219s] Level 1:colcon.colcon_core.package_discovery:discover_packages(prefix_path) check parameters
[0.219s] Level 1:colcon.colcon_core.package_discovery:discover_packages(prefix_path) discover
[0.220s] DEBUG:colcon.colcon_installed_package_information.package_discovery:Found 1 installed packages in /home/alip/clover_ws/src/install
[0.222s] DEBUG:colcon.colcon_installed_package_information.package_discovery:Found 272 installed packages in /opt/ros/foxy
[0.223s] Level 1:colcon.colcon_core.package_discovery:discover_packages(prefix_path) using defaults
[0.290s] Level 5:colcon.colcon_core.verb:set package 'clover' build argument 'cmake_args' from command line to 'None'
[0.290s] Level 5:colcon.colcon_core.verb:set package 'clover' build argument 'cmake_target' from command line to 'None'
[0.290s] Level 5:colcon.colcon_core.verb:set package 'clover' build argument 'cmake_target_skip_unavailable' from command line to 'False'
[0.290s] Level 5:colcon.colcon_core.verb:set package 'clover' build argument 'cmake_clean_cache' from command line to 'False'
[0.290s] Level 5:colcon.colcon_core.verb:set package 'clover' build argument 'cmake_clean_first' from command line to 'False'
[0.290s] Level 5:colcon.colcon_core.verb:set package 'clover' build argument 'cmake_force_configure' from command line to 'False'
[0.290s] Level 5:colcon.colcon_core.verb:set package 'clover' build argument 'ament_cmake_args' from command line to 'None'
[0.290s] Level 5:colcon.colcon_core.verb:set package 'clover' build argument 'catkin_cmake_args' from command line to 'None'
[0.291s] Level 5:colcon.colcon_core.verb:set package 'clover' build argument 'catkin_skip_building_tests' from command line to 'False'
[0.291s] DEBUG:colcon.colcon_core.verb:Building package 'clover' with the following arguments: {'ament_cmake_args': None, 'build_base': '/home/alip/clover_ws/src/build/clover', 'catkin_cmake_args': None, 'catkin_skip_building_tests': False, 'cmake_args': None, 'cmake_clean_cache': False, 'cmake_clean_first': False, 'cmake_force_configure': False, 'cmake_target': None, 'cmake_target_skip_unavailable': False, 'install_base': '/home/alip/clover_ws/src/install/clover', 'merge_install': False, 'path': '/home/alip/clover_ws/src/clover', 'symlink_install': True, 'test_result_base': None}
[0.291s] Level 5:colcon.colcon_core.verb:set package 'my_package' build argument 'cmake_args' from command line to 'None'
[0.291s] Level 5:colcon.colcon_core.verb:set package 'my_package' build argument 'cmake_target' from command line to 'None'
[0.291s] Level 5:colcon.colcon_core.verb:set package 'my_package' build argument 'cmake_target_skip_unavailable' from command line to 'False'
[0.291s] Level 5:colcon.colcon_core.verb:set package 'my_package' build argument 'cmake_clean_cache' from command line to 'False'
[0.291s] Level 5:colcon.colcon_core.verb:set package 'my_package' build argument 'cmake_clean_first' from command line to 'False'
[0.291s] Level 5:colcon.colcon_core.verb:set package 'my_package' build argument 'cmake_force_configure' from command line to 'False'
[0.291s] Level 5:colcon.colcon_core.verb:set package 'my_package' build argument 'ament_cmake_args' from command line to 'None'
[0.291s] Level 5:colcon.colcon_core.verb:set package 'my_package' build argument 'catkin_cmake_args' from command line to 'None'
[0.291s] Level 5:colcon.colcon_core.verb:set package 'my_package' build argument 'catkin_skip_building_tests' from command line to 'False'
[0.292s] DEBUG:colcon.colcon_core.verb:Building package 'my_package' with the following arguments: {'ament_cmake_args': None, 'build_base': '/home/alip/clover_ws/src/build/my_package', 'catkin_cmake_args': None, 'catkin_skip_building_tests': False, 'cmake_args': None, 'cmake_clean_cache': False, 'cmake_clean_first': False, 'cmake_force_configure': False, 'cmake_target': None, 'cmake_target_skip_unavailable': False, 'install_base': '/home/alip/clover_ws/src/install/my_package', 'merge_install': False, 'path': '/home/alip/clover_ws/src/my_package', 'symlink_install': True, 'test_result_base': None}
[0.292s] Level 5:colcon.colcon_core.verb:set package 'usb_cam' build argument 'cmake_args' from command line to 'None'
[0.292s] Level 5:colcon.colcon_core.verb:set package 'usb_cam' build argument 'cmake_target' from command line to 'None'
[0.292s] Level 5:colcon.colcon_core.verb:set package 'usb_cam' build argument 'cmake_target_skip_unavailable' from command line to 'False'
[0.292s] Level 5:colcon.colcon_core.verb:set package 'usb_cam' build argument 'cmake_clean_cache' from command line to 'False'
[0.292s] Level 5:colcon.colcon_core.verb:set package 'usb_cam' build argument 'cmake_clean_first' from command line to 'False'
[0.292s] Level 5:colcon.colcon_core.verb:set package 'usb_cam' build argument 'cmake_force_configure' from command line to 'False'
[0.292s] Level 5:colcon.colcon_core.verb:set package 'usb_cam' build argument 'ament_cmake_args' from command line to 'None'
[0.292s] Level 5:colcon.colcon_core.verb:set package 'usb_cam' build argument 'catkin_cmake_args' from command line to 'None'
[0.292s] Level 5:colcon.colcon_core.verb:set package 'usb_cam' build argument 'catkin_skip_building_tests' from command line to 'False'
[0.292s] DEBUG:colcon.colcon_core.verb:Building package 'usb_cam' with the following arguments: {'ament_cmake_args': None, 'build_base': '/home/alip/clover_ws/src/build/usb_cam', 'catkin_cmake_args': None, 'catkin_skip_building_tests': False, 'cmake_args': None, 'cmake_clean_cache': False, 'cmake_clean_first': False, 'cmake_force_configure': False, 'cmake_target': None, 'cmake_target_skip_unavailable': False, 'install_base': '/home/alip/clover_ws/src/install/usb_cam', 'merge_install': False, 'path': '/home/alip/clover_ws/src/usb_cam', 'symlink_install': True, 'test_result_base': None}
[0.293s] INFO:colcon.colcon_core.executor:Executing jobs using 'parallel' executor
[0.296s] DEBUG:colcon.colcon_parallel_executor.executor.parallel:run_until_complete
[0.296s] INFO:colcon.colcon_ros.task.ament_cmake.build:Building ROS package in '/home/alip/clover_ws/src/clover' with build type 'ament_cmake'
[0.296s] INFO:colcon.colcon_cmake.task.cmake.build:Building CMake package in '/home/alip/clover_ws/src/clover'
[0.300s] INFO:colcon.colcon_core.plugin_system:Skipping extension 'colcon_core.shell.bat': Not used on non-Windows systems
[0.300s] INFO:colcon.colcon_core.shell:Skip shell extension 'powershell' for command environment: Not usable outside of PowerShell
[0.300s] DEBUG:colcon.colcon_core.shell:Skip shell extension 'dsv' for command environment
[0.304s] INFO:colcon.colcon_ros.task.ament_cmake.build:Building ROS package in '/home/alip/clover_ws/src/my_package' with build type 'ament_cmake'
[0.304s] INFO:colcon.colcon_cmake.task.cmake.build:Building CMake package in '/home/alip/clover_ws/src/my_package'
[0.305s] INFO:colcon.colcon_core.shell:Skip shell extension 'powershell' for command environment: Not usable outside of PowerShell
[0.305s] DEBUG:colcon.colcon_core.shell:Skip shell extension 'dsv' for command environment
[0.310s] INFO:colcon.colcon_ros.task.catkin.build:Building ROS package in '/home/alip/clover_ws/src/usb_cam' with build type 'catkin'
[0.311s] INFO:colcon.colcon_cmake.task.cmake.build:Building CMake package in '/home/alip/clover_ws/src/usb_cam'
[0.312s] INFO:colcon.colcon_core.shell:Skip shell extension 'powershell' for command environment: Not usable outside of PowerShell
[0.312s] DEBUG:colcon.colcon_core.shell:Skip shell extension 'dsv' for command environment
[0.322s] DEBUG:colcon.colcon_core.event_handler.log_command:Invoking command in '/home/alip/clover_ws/src/build/clover': CMAKE_PREFIX_PATH=${CMAKE_PREFIX_PATH}:/opt/ros/foxy /usr/bin/cmake /home/alip/clover_ws/src/clover -DAMENT_CMAKE_SYMLINK_INSTALL=1 -DCMAKE_INSTALL_PREFIX=/home/alip/clover_ws/src/install/clover
[0.368s] DEBUG:colcon.colcon_core.event_handler.log_command:Invoking command in '/home/alip/clover_ws/src/build/my_package': CMAKE_PREFIX_PATH=${CMAKE_PREFIX_PATH}:/opt/ros/foxy /usr/bin/cmake --build /home/alip/clover_ws/src/build/my_package -- -j8 -l8
[0.371s] DEBUG:colcon.colcon_core.event_handler.log_command:Invoking command in '/home/alip/clover_ws/src/build/usb_cam': /usr/bin/cmake /home/alip/clover_ws/src/usb_cam -DCATKIN_INSTALL_INTO_PREFIX_ROOT=0 -DCATKIN_SYMLINK_INSTALL=ON -DCMAKE_INSTALL_PREFIX=/home/alip/clover_ws/src/install/usb_cam
[0.447s] DEBUG:colcon.colcon_core.event_handler.log_command:Invoked command in '/home/alip/clover_ws/src/build/my_package' returned '0': CMAKE_PREFIX_PATH=${CMAKE_PREFIX_PATH}:/opt/ros/foxy /usr/bin/cmake --build /home/alip/clover_ws/src/build/my_package -- -j8 -l8
[0.471s] DEBUG:colcon.colcon_core.event_handler.log_command:Invoking command in '/home/alip/clover_ws/src/build/my_package': CMAKE_PREFIX_PATH=${CMAKE_PREFIX_PATH}:/opt/ros/foxy /usr/bin/cmake --install /home/alip/clover_ws/src/build/my_package
[0.506s] Level 1:colcon.colcon_core.environment:create_environment_scripts_only(my_package)
[0.507s] DEBUG:colcon.colcon_core.event_handler.log_command:Invoked command in '/home/alip/clover_ws/src/build/my_package' returned '0': CMAKE_PREFIX_PATH=${CMAKE_PREFIX_PATH}:/opt/ros/foxy /usr/bin/cmake --install /home/alip/clover_ws/src/build/my_package
[0.511s] Level 1:colcon.colcon_core.environment:checking '/home/alip/clover_ws/src/install/my_package' for CMake module files
[0.512s] Level 1:colcon.colcon_core.environment:checking '/home/alip/clover_ws/src/install/my_package' for CMake config files
[0.512s] Level 1:colcon.colcon_core.shell:create_environment_hook('my_package', 'cmake_prefix_path')
[0.513s] INFO:colcon.colcon_core.shell:Creating environment hook '/home/alip/clover_ws/src/install/my_package/share/my_package/hook/cmake_prefix_path.ps1'
[0.514s] INFO:colcon.colcon_core.shell:Creating environment descriptor '/home/alip/clover_ws/src/install/my_package/share/my_package/hook/cmake_prefix_path.dsv'
[0.514s] INFO:colcon.colcon_core.shell:Creating environment hook '/home/alip/clover_ws/src/install/my_package/share/my_package/hook/cmake_prefix_path.sh'
[0.515s] Level 1:colcon.colcon_core.environment:checking '/home/alip/clover_ws/src/install/my_package/bin'
[0.515s] Level 1:colcon.colcon_core.environment:checking '/home/alip/clover_ws/src/install/my_package/lib/pkgconfig/my_package.pc'
[0.515s] Level 1:colcon.colcon_core.environment:checking '/home/alip/clover_ws/src/install/my_package/lib/python3.8/site-packages'
[0.515s] Level 1:colcon.colcon_core.environment:checking '/home/alip/clover_ws/src/install/my_package/bin'
[0.517s] INFO:colcon.colcon_core.shell:Creating package script '/home/alip/clover_ws/src/install/my_package/share/my_package/package.ps1'
[0.517s] INFO:colcon.colcon_core.shell:Creating package descriptor '/home/alip/clover_ws/src/install/my_package/share/my_package/package.dsv'
[0.518s] INFO:colcon.colcon_core.shell:Creating package script '/home/alip/clover_ws/src/install/my_package/share/my_package/package.sh'
[0.518s] INFO:colcon.colcon_core.shell:Creating package script '/home/alip/clover_ws/src/install/my_package/share/my_package/package.bash'
[0.519s] INFO:colcon.colcon_core.shell:Creating package script '/home/alip/clover_ws/src/install/my_package/share/my_package/package.zsh'
[0.519s] Level 1:colcon.colcon_core.environment:create_file_with_runtime_dependencies(/home/alip/clover_ws/src/install/my_package/share/colcon-core/packages/my_package)
[0.535s] Level 1:colcon.colcon_core.environment:create_environment_scripts_only(my_package)
[0.536s] Level 1:colcon.colcon_core.environment:checking '/home/alip/clover_ws/src/install/my_package' for CMake module files
[0.537s] Level 1:colcon.colcon_core.environment:checking '/home/alip/clover_ws/src/install/my_package' for CMake config files
[0.537s] Level 1:colcon.colcon_core.shell:create_environment_hook('my_package', 'cmake_prefix_path')
[0.538s] INFO:colcon.colcon_core.shell:Creating environment hook '/home/alip/clover_ws/src/install/my_package/share/my_package/hook/cmake_prefix_path.ps1'
[0.538s] INFO:colcon.colcon_core.shell:Creating environment descriptor '/home/alip/clover_ws/src/install/my_package/share/my_package/hook/cmake_prefix_path.dsv'
[0.539s] INFO:colcon.colcon_core.shell:Creating environment hook '/home/alip/clover_ws/src/install/my_package/share/my_package/hook/cmake_prefix_path.sh'
[0.539s] Level 1:colcon.colcon_core.environment:checking '/home/alip/clover_ws/src/install/my_package/bin'
[0.539s] Level 1:colcon.colcon_core.environment:checking '/home/alip/clover_ws/src/install/my_package/lib/pkgconfig/my_package.pc'
[0.539s] Level 1:colcon.colcon_core.environment:checking '/home/alip/clover_ws/src/install/my_package/lib/python3.8/site-packages'
[0.540s] Level 1:colcon.colcon_core.environment:checking '/home/alip/clover_ws/src/install/my_package/bin'
[0.541s] INFO:colcon.colcon_core.shell:Creating package script '/home/alip/clover_ws/src/install/my_package/share/my_package/package.ps1'
[0.541s] INFO:colcon.colcon_core.shell:Creating package descriptor '/home/alip/clover_ws/src/install/my_package/share/my_package/package.dsv'
[0.542s] INFO:colcon.colcon_core.shell:Creating package script '/home/alip/clover_ws/src/install/my_package/share/my_package/package.sh'
[0.542s] INFO:colcon.colcon_core.shell:Creating package script '/home/alip/clover_ws/src/install/my_package/share/my_package/package.bash'
[0.542s] INFO:colcon.colcon_core.shell:Creating package script '/home/alip/clover_ws/src/install/my_package/share/my_package/package.zsh'
[0.542s] Level 1:colcon.colcon_core.environment:create_file_with_runtime_dependencies(/home/alip/clover_ws/src/install/my_package/share/colcon-core/packages/my_package)
[0.725s] DEBUG:colcon.colcon_core.event_handler.log_command:Invoked command in '/home/alip/clover_ws/src/build/usb_cam' returned '1': /usr/bin/cmake /home/alip/clover_ws/src/usb_cam -DCATKIN_INSTALL_INTO_PREFIX_ROOT=0 -DCATKIN_SYMLINK_INSTALL=ON -DCMAKE_INSTALL_PREFIX=/home/alip/clover_ws/src/install/usb_cam
[0.732s] Level 1:colcon.colcon_core.environment:create_environment_scripts_only(usb_cam)
[0.734s] Level 1:colcon.colcon_core.environment:checking '/home/alip/clover_ws/src/install/usb_cam' for CMake module files
[0.734s] Level 1:colcon.colcon_core.environment:checking '/home/alip/clover_ws/src/install/usb_cam' for CMake config files
[0.735s] Level 1:colcon.colcon_core.environment:checking '/home/alip/clover_ws/src/install/usb_cam/bin'
[0.735s] Level 1:colcon.colcon_core.environment:checking '/home/alip/clover_ws/src/install/usb_cam/lib/pkgconfig/usb_cam.pc'
[0.735s] Level 1:colcon.colcon_core.environment:checking '/home/alip/clover_ws/src/install/usb_cam/lib/python3.8/site-packages'
[0.735s] Level 1:colcon.colcon_core.environment:checking '/home/alip/clover_ws/src/install/usb_cam/bin'
[0.736s] INFO:colcon.colcon_core.shell:Creating package script '/home/alip/clover_ws/src/install/usb_cam/share/usb_cam/package.ps1'
[0.737s] INFO:colcon.colcon_core.shell:Creating package descriptor '/home/alip/clover_ws/src/install/usb_cam/share/usb_cam/package.dsv'
[0.737s] INFO:colcon.colcon_core.shell:Creating package script '/home/alip/clover_ws/src/install/usb_cam/share/usb_cam/package.sh'
[0.738s] INFO:colcon.colcon_core.shell:Creating package script '/home/alip/clover_ws/src/install/usb_cam/share/usb_cam/package.bash'
[0.738s] INFO:colcon.colcon_core.shell:Creating package script '/home/alip/clover_ws/src/install/usb_cam/share/usb_cam/package.zsh'
[0.738s] Level 1:colcon.colcon_core.environment:create_file_with_runtime_dependencies(/home/alip/clover_ws/src/install/usb_cam/share/colcon-core/packages/usb_cam)
[0.957s] DEBUG:colcon.colcon_parallel_executor.executor.parallel:closing loop
[0.957s] DEBUG:colcon.colcon_parallel_executor.executor.parallel:loop closed
[0.957s] DEBUG:colcon.colcon_parallel_executor.executor.parallel:run_until_complete finished with '1'
[0.957s] DEBUG:colcon.colcon_core.event_reactor:joining thread
[0.962s] INFO:colcon.colcon_core.plugin_system:Skipping extension 'colcon_notification.desktop_notification.terminal_notifier': Not used on non-Darwin systems
[0.962s] INFO:colcon.colcon_core.plugin_system:Skipping extension 'colcon_notification.desktop_notification.win32': Not used on non-Windows systems
[0.962s] INFO:colcon.colcon_notification.desktop_notification:Sending desktop notification using 'notify2'
[1.061s] DEBUG:colcon.colcon_core.event_reactor:joined thread
[1.063s] INFO:colcon.colcon_core.shell:Creating prefix script '/home/alip/clover_ws/src/install/local_setup.ps1'
[1.064s] INFO:colcon.colcon_core.shell:Creating prefix util module '/home/alip/clover_ws/src/install/_local_setup_util_ps1.py'
[1.065s] INFO:colcon.colcon_core.shell:Creating prefix chain script '/home/alip/clover_ws/src/install/setup.ps1'
[1.066s] INFO:colcon.colcon_core.shell:Creating prefix script '/home/alip/clover_ws/src/install/local_setup.sh'
[1.066s] INFO:colcon.colcon_core.shell:Creating prefix util module '/home/alip/clover_ws/src/install/_local_setup_util_sh.py'
[1.068s] INFO:colcon.colcon_core.shell:Creating prefix chain script '/home/alip/clover_ws/src/install/setup.sh'
[1.069s] INFO:colcon.colcon_core.shell:Creating prefix script '/home/alip/clover_ws/src/install/local_setup.bash'
[1.069s] INFO:colcon.colcon_core.shell:Creating prefix chain script '/home/alip/clover_ws/src/install/setup.bash'
[1.070s] INFO:colcon.colcon_core.shell:Creating prefix script '/home/alip/clover_ws/src/install/local_setup.zsh'
[1.071s] INFO:colcon.colcon_core.shell:Creating prefix chain script '/home/alip/clover_ws/src/install/setup.zsh'
