[0.024s] Invoking command in '/home/alip/clover_ws/src/build/clover': CMAKE_PREFIX_PATH=${CMAKE_PREFIX_PATH}:/opt/ros/foxy /usr/bin/cmake /home/alip/clover_ws/src/clover -DAMENT_CMAKE_SYMLINK_INSTALL=1 -DCMAKE_INSTALL_PREFIX=/home/alip/clover_ws/src/install/clover
[0.037s] -- Found ament_cmake: 0.9.11 (/opt/ros/foxy/share/ament_cmake/cmake)
[0.054s] -- Using PYTHON_EXECUTABLE: /usr/bin/python3
[0.204s] -- Override CMake install command with custom implementation using symlinks instead of copying resources
[0.213s] -- Found ament_lint_auto: 0.9.7 (/opt/ros/foxy/share/ament_lint_auto/cmake)
[0.272s] -- Added test 'copyright' to check source files copyright and LICENSE
[0.280s] -- Added test 'flake8' to check Python code syntax and style conventions
[0.281s] -- Added test 'lint_cmake' to check CMake code style
[0.282s] -- Added test 'pep257' to check Python code against some of the style conventions in PEP 257
[0.285s] -- Added test 'xmllint' to check XML markup files
[0.287s] -- Configuring done
[0.288s] -- Generating done
[0.289s] -- Build files have been written to: /home/alip/clover_ws/src/build/clover
[0.291s] Invoked command in '/home/alip/clover_ws/src/build/clover' returned '0': CMAKE_PREFIX_PATH=${CMAKE_PREFIX_PATH}:/opt/ros/foxy /usr/bin/cmake /home/alip/clover_ws/src/clover -DAMENT_CMAKE_SYMLINK_INSTALL=1 -DCMAKE_INSTALL_PREFIX=/home/alip/clover_ws/src/install/clover
[0.293s] Invoking command in '/home/alip/clover_ws/src/build/clover': CMAKE_PREFIX_PATH=${CMAKE_PREFIX_PATH}:/opt/ros/foxy /usr/bin/cmake --build /home/alip/clover_ws/src/build/clover -- -j8 -l8
[0.320s] Invoked command in '/home/alip/clover_ws/src/build/clover' returned '0': CMAKE_PREFIX_PATH=${CMAKE_PREFIX_PATH}:/opt/ros/foxy /usr/bin/cmake --build /home/alip/clover_ws/src/build/clover -- -j8 -l8
[0.339s] Invoking command in '/home/alip/clover_ws/src/build/clover': CMAKE_PREFIX_PATH=${CMAKE_PREFIX_PATH}:/opt/ros/foxy /usr/bin/cmake --install /home/alip/clover_ws/src/build/clover
[0.344s] -- Install configuration: ""
[0.345s] -- Execute custom install script
[0.345s] -- Symlinking: /home/alip/clover_ws/src/install/clover/share/clover/config/empty.yaml
[0.352s] -- Symlinking: /home/alip/clover_ws/src/install/clover/share/clover/description/camera.xacro
[0.359s] -- Symlinking: /home/alip/clover_ws/src/install/clover/share/clover/description/gazebo_control.xacro
[0.366s] -- Symlinking: /home/alip/clover_ws/src/install/clover/share/clover/description/inertial_macros.xacro
[0.372s] -- Symlinking: /home/alip/clover_ws/src/install/clover/share/clover/description/lidar.xacro
[0.379s] -- Symlinking: /home/alip/clover_ws/src/install/clover/share/clover/description/robot.urdf.xacro
[0.387s] -- Symlinking: /home/alip/clover_ws/src/install/clover/share/clover/description/robot_core.xacro
[0.392s] -- Symlinking: /home/alip/clover_ws/src/install/clover/share/clover/launch/launch_sim.launch.py
[0.399s] -- Symlinking: /home/alip/clover_ws/src/install/clover/share/clover/launch/rplidar.launch.py
[0.407s] -- Symlinking: /home/alip/clover_ws/src/install/clover/share/clover/launch/rsp.launch.py
[0.414s] -- Symlinking: /home/alip/clover_ws/src/install/clover/share/clover/worlds/empty.world
[0.421s] -- Symlinking: /home/alip/clover_ws/src/install/clover/share/clover/worlds/obstacle.world
[0.427s] -- Symlinking: /home/alip/clover_ws/src/install/clover/share/ament_index/resource_index/package_run_dependencies/clover
[0.434s] -- Symlinking: /home/alip/clover_ws/src/install/clover/share/ament_index/resource_index/parent_prefix_path/clover
[0.441s] -- Symlinking: /home/alip/clover_ws/src/install/clover/share/clover/environment/ament_prefix_path.sh
[0.448s] -- Symlinking: /home/alip/clover_ws/src/install/clover/share/clover/environment/ament_prefix_path.dsv
[0.455s] -- Symlinking: /home/alip/clover_ws/src/install/clover/share/clover/environment/path.sh
[0.461s] -- Symlinking: /home/alip/clover_ws/src/install/clover/share/clover/environment/path.dsv
[0.468s] -- Symlinking: /home/alip/clover_ws/src/install/clover/share/clover/local_setup.bash
[0.475s] -- Symlinking: /home/alip/clover_ws/src/install/clover/share/clover/local_setup.sh
[0.482s] -- Symlinking: /home/alip/clover_ws/src/install/clover/share/clover/local_setup.zsh
[0.488s] -- Symlinking: /home/alip/clover_ws/src/install/clover/share/clover/local_setup.dsv
[0.496s] -- Symlinking: /home/alip/clover_ws/src/install/clover/share/clover/package.dsv
[0.503s] -- Symlinking: /home/alip/clover_ws/src/install/clover/share/ament_index/resource_index/packages/clover
[0.511s] -- Symlinking: /home/alip/clover_ws/src/install/clover/share/clover/cmake/cloverConfig.cmake
[0.518s] -- Symlinking: /home/alip/clover_ws/src/install/clover/share/clover/cmake/cloverConfig-version.cmake
[0.524s] -- Symlinking: /home/alip/clover_ws/src/install/clover/share/clover/package.xml
[0.539s] Invoked command in '/home/alip/clover_ws/src/build/clover' returned '0': CMAKE_PREFIX_PATH=${CMAKE_PREFIX_PATH}:/opt/ros/foxy /usr/bin/cmake --install /home/alip/clover_ws/src/build/clover
